<?xml version="1.0" encoding="UTF-8"?>
<testsuite name="org.example.Tests" tests="1" skipped="0" failures="0" errors="0" timestamp="2021-08-03T20:12:42" hostname="DESKTOP-PQ2APH8" time="4.13">
  <properties/>
  <testcase name="buyTest()" classname="org.example.Tests" time="4.13"/>
  <system-out><![CDATA[55.97
55.97
]]></system-out>
  <system-err><![CDATA[SLF4J: Failed to load class "org.slf4j.impl.StaticLoggerBinder".
SLF4J: Defaulting to no-operation (NOP) logger implementation
SLF4J: See http://www.slf4j.org/codes.html#StaticLoggerBinder for further details.
Starting ChromeDriver 91.0.4472.101 (af52a90bf87030dd1523486a1cd3ae25c5d76c9b-refs/branch-heads/4472@{#1462}) on port 43192
Only local connections are allowed.
Please see https://chromedriver.chromium.org/security-considerations for suggestions on keeping ChromeDriver safe.
ChromeDriver was started successfully.
авг 03, 2021 11:12:43 PM org.openqa.selenium.remote.ProtocolHandshake createSession
INFO: Detected dialect: W3C
]]></system-err>
</testsuite>
